<?xml version="1.0" encoding="UTF-8"?>
<!-- Generated by org.testng.reporters.JUnitReportReporter -->
<testsuite hostname="Namasyu" failures="0" tests="1" name="RachanMavenproject.Jenkins.jenkindemo" time="6.361" errors="0" timestamp="2023-05-05T11:29:42 GMT-04:00" skipped="0">
  <testcase classname="RachanMavenproject.Jenkins.jenkindemo" name="testgooglrsearch" time="6.361"/>
  <system-out/>
</testsuite> <!-- RachanMavenproject.Jenkins.jenkindemo -->
